# Logfile created on 2010-10-07 09:19:21 -0700 by logger.rb/25413
REQUESTING PAGE: GET / with {} and HTTP headers {}
REQUESTING PAGE: GET /about with {} and HTTP headers {"HTTP_REFERER"=>"/"}
REQUESTING PAGE: GET /help with {} and HTTP headers {"HTTP_REFERER"=>"/about"}
REQUESTING PAGE: GET / with {} and HTTP headers {}
REQUESTING PAGE: GET /about with {} and HTTP headers {"HTTP_REFERER"=>"/"}
REQUESTING PAGE: GET /help with {} and HTTP headers {"HTTP_REFERER"=>"/about"}
REQUESTING PAGE: GET /contact with {} and HTTP headers {"HTTP_REFERER"=>"/help"}
REQUESTING PAGE: GET / with {} and HTTP headers {"HTTP_REFERER"=>"/contact"}
REQUESTING PAGE: GET /signup with {} and HTTP headers {"HTTP_REFERER"=>"/"}
REQUESTING PAGE: GET / with {} and HTTP headers {}
REQUESTING PAGE: GET /about with {} and HTTP headers {"HTTP_REFERER"=>"/"}
REQUESTING PAGE: GET /help with {} and HTTP headers {"HTTP_REFERER"=>"/about"}
REQUESTING PAGE: GET /contact with {} and HTTP headers {"HTTP_REFERER"=>"/help"}
REQUESTING PAGE: GET / with {} and HTTP headers {"HTTP_REFERER"=>"/contact"}
REQUESTING PAGE: GET /signup with {} and HTTP headers {"HTTP_REFERER"=>"/"}
REQUESTING PAGE: GET / with {} and HTTP headers {}
REQUESTING PAGE: GET /about with {} and HTTP headers {"HTTP_REFERER"=>"/"}
REQUESTING PAGE: GET /help with {} and HTTP headers {"HTTP_REFERER"=>"/about"}
REQUESTING PAGE: GET /contact with {} and HTTP headers {"HTTP_REFERER"=>"/help"}
REQUESTING PAGE: GET / with {} and HTTP headers {"HTTP_REFERER"=>"/contact"}
REQUESTING PAGE: GET /signup with {} and HTTP headers {"HTTP_REFERER"=>"/"}
REQUESTING PAGE: GET / with {} and HTTP headers {}
REQUESTING PAGE: GET /about with {} and HTTP headers {"HTTP_REFERER"=>"/"}
REQUESTING PAGE: GET /help with {} and HTTP headers {"HTTP_REFERER"=>"/about"}
REQUESTING PAGE: GET /contact with {} and HTTP headers {"HTTP_REFERER"=>"/help"}
REQUESTING PAGE: GET / with {} and HTTP headers {"HTTP_REFERER"=>"/contact"}
REQUESTING PAGE: GET /signup with {} and HTTP headers {"HTTP_REFERER"=>"/"}
REQUESTING PAGE: GET / with {} and HTTP headers {}
REQUESTING PAGE: GET /about with {} and HTTP headers {"HTTP_REFERER"=>"/"}
REQUESTING PAGE: GET /help with {} and HTTP headers {"HTTP_REFERER"=>"/about"}
REQUESTING PAGE: GET /contact with {} and HTTP headers {"HTTP_REFERER"=>"/help"}
REQUESTING PAGE: GET / with {} and HTTP headers {"HTTP_REFERER"=>"/contact"}
REQUESTING PAGE: GET /signup with {} and HTTP headers {"HTTP_REFERER"=>"/"}
REQUESTING PAGE: GET / with {} and HTTP headers {}
REQUESTING PAGE: GET /about with {} and HTTP headers {"HTTP_REFERER"=>"/"}
REQUESTING PAGE: GET /help with {} and HTTP headers {"HTTP_REFERER"=>"/about"}
REQUESTING PAGE: GET /contact with {} and HTTP headers {"HTTP_REFERER"=>"/help"}
REQUESTING PAGE: GET / with {} and HTTP headers {"HTTP_REFERER"=>"/contact"}
REQUESTING PAGE: GET /signup with {} and HTTP headers {"HTTP_REFERER"=>"/"}
REQUESTING PAGE: GET / with {} and HTTP headers {}
REQUESTING PAGE: GET /about with {} and HTTP headers {"HTTP_REFERER"=>"/"}
REQUESTING PAGE: GET /help with {} and HTTP headers {"HTTP_REFERER"=>"/about"}
REQUESTING PAGE: GET /contact with {} and HTTP headers {"HTTP_REFERER"=>"/help"}
REQUESTING PAGE: GET / with {} and HTTP headers {"HTTP_REFERER"=>"/contact"}
REQUESTING PAGE: GET /signup with {} and HTTP headers {"HTTP_REFERER"=>"/"}
REQUESTING PAGE: GET / with {} and HTTP headers {}
REQUESTING PAGE: GET /about with {} and HTTP headers {"HTTP_REFERER"=>"/"}
REQUESTING PAGE: GET /help with {} and HTTP headers {"HTTP_REFERER"=>"/about"}
REQUESTING PAGE: GET /contact with {} and HTTP headers {"HTTP_REFERER"=>"/help"}
REQUESTING PAGE: GET / with {} and HTTP headers {"HTTP_REFERER"=>"/contact"}
REQUESTING PAGE: GET /signup with {} and HTTP headers {"HTTP_REFERER"=>"/"}
REQUESTING PAGE: GET / with {} and HTTP headers {}
REQUESTING PAGE: GET /about with {} and HTTP headers {"HTTP_REFERER"=>"/"}
REQUESTING PAGE: GET /help with {} and HTTP headers {"HTTP_REFERER"=>"/about"}
REQUESTING PAGE: GET /contact with {} and HTTP headers {"HTTP_REFERER"=>"/help"}
REQUESTING PAGE: GET / with {} and HTTP headers {"HTTP_REFERER"=>"/contact"}
REQUESTING PAGE: GET /signup with {} and HTTP headers {"HTTP_REFERER"=>"/"}
REQUESTING PAGE: GET / with {} and HTTP headers {}
REQUESTING PAGE: GET /about with {} and HTTP headers {"HTTP_REFERER"=>"/"}
REQUESTING PAGE: GET /help with {} and HTTP headers {"HTTP_REFERER"=>"/about"}
REQUESTING PAGE: GET /contact with {} and HTTP headers {"HTTP_REFERER"=>"/help"}
REQUESTING PAGE: GET / with {} and HTTP headers {"HTTP_REFERER"=>"/contact"}
REQUESTING PAGE: GET /signup with {} and HTTP headers {"HTTP_REFERER"=>"/"}
REQUESTING PAGE: GET / with {} and HTTP headers {}
REQUESTING PAGE: GET /about with {} and HTTP headers {"HTTP_REFERER"=>"/"}
REQUESTING PAGE: GET /help with {} and HTTP headers {"HTTP_REFERER"=>"/about"}
REQUESTING PAGE: GET /contact with {} and HTTP headers {"HTTP_REFERER"=>"/help"}
REQUESTING PAGE: GET / with {} and HTTP headers {"HTTP_REFERER"=>"/contact"}
REQUESTING PAGE: GET /signup with {} and HTTP headers {"HTTP_REFERER"=>"/"}
REQUESTING PAGE: GET / with {} and HTTP headers {}
REQUESTING PAGE: GET /about with {} and HTTP headers {"HTTP_REFERER"=>"/"}
REQUESTING PAGE: GET /help with {} and HTTP headers {"HTTP_REFERER"=>"/about"}
REQUESTING PAGE: GET /contact with {} and HTTP headers {"HTTP_REFERER"=>"/help"}
REQUESTING PAGE: GET / with {} and HTTP headers {"HTTP_REFERER"=>"/contact"}
REQUESTING PAGE: GET /signup with {} and HTTP headers {"HTTP_REFERER"=>"/"}
REQUESTING PAGE: GET / with {} and HTTP headers {}
REQUESTING PAGE: GET /about with {} and HTTP headers {"HTTP_REFERER"=>"/"}
REQUESTING PAGE: GET /help with {} and HTTP headers {"HTTP_REFERER"=>"/about"}
REQUESTING PAGE: GET /contact with {} and HTTP headers {"HTTP_REFERER"=>"/help"}
REQUESTING PAGE: GET / with {} and HTTP headers {"HTTP_REFERER"=>"/contact"}
REQUESTING PAGE: GET /signup with {} and HTTP headers {"HTTP_REFERER"=>"/"}
REQUESTING PAGE: GET /signup with {} and HTTP headers {}
REQUESTING PAGE: POST /users with {"utf8"=>"\xE2\x9C\x93", "user"=>{"name"=>"", "email"=>"", "password"=>"", "password_confirmation"=>""}, "commit"=>"Sign up"} and HTTP headers {"HTTP_REFERER"=>"/signup"}
REQUESTING PAGE: GET / with {} and HTTP headers {}
REQUESTING PAGE: GET /about with {} and HTTP headers {"HTTP_REFERER"=>"/"}
REQUESTING PAGE: GET /help with {} and HTTP headers {"HTTP_REFERER"=>"/about"}
REQUESTING PAGE: GET /contact with {} and HTTP headers {"HTTP_REFERER"=>"/help"}
REQUESTING PAGE: GET / with {} and HTTP headers {"HTTP_REFERER"=>"/contact"}
REQUESTING PAGE: GET /signup with {} and HTTP headers {"HTTP_REFERER"=>"/"}
REQUESTING PAGE: GET /signup with {} and HTTP headers {}
REQUESTING PAGE: POST /users with {"utf8"=>"\xE2\x9C\x93", "user"=>{"name"=>"", "email"=>"", "password"=>"", "password_confirmation"=>""}, "commit"=>"Sign up"} and HTTP headers {"HTTP_REFERER"=>"/signup"}
REQUESTING PAGE: GET / with {} and HTTP headers {}
REQUESTING PAGE: GET /about with {} and HTTP headers {"HTTP_REFERER"=>"/"}
REQUESTING PAGE: GET /help with {} and HTTP headers {"HTTP_REFERER"=>"/about"}
REQUESTING PAGE: GET /contact with {} and HTTP headers {"HTTP_REFERER"=>"/help"}
REQUESTING PAGE: GET / with {} and HTTP headers {"HTTP_REFERER"=>"/contact"}
REQUESTING PAGE: GET /signup with {} and HTTP headers {"HTTP_REFERER"=>"/"}
REQUESTING PAGE: GET /signup with {} and HTTP headers {}
REQUESTING PAGE: POST /users with {"utf8"=>"\xE2\x9C\x93", "user"=>{"name"=>"", "email"=>"", "password"=>"", "password_confirmation"=>""}, "commit"=>"Sign up"} and HTTP headers {"HTTP_REFERER"=>"/signup"}
REQUESTING PAGE: GET /signup with {} and HTTP headers {}
REQUESTING PAGE: POST /users with {"utf8"=>"\xE2\x9C\x93", "user"=>{"name"=>"Example User", "email"=>"user@example.com", "password"=>"foobar", "password_confirmation"=>"foobar"}, "commit"=>"Sign up"} and HTTP headers {"HTTP_REFERER"=>"/signup"}
REQUESTING PAGE: GET http://www.example.com/users/443 with {} and HTTP headers {"HTTP_REFERER"=>"/users"}
REQUESTING PAGE: GET / with {} and HTTP headers {}
REQUESTING PAGE: GET /about with {} and HTTP headers {"HTTP_REFERER"=>"/"}
REQUESTING PAGE: GET /help with {} and HTTP headers {"HTTP_REFERER"=>"/about"}
REQUESTING PAGE: GET /contact with {} and HTTP headers {"HTTP_REFERER"=>"/help"}
REQUESTING PAGE: GET / with {} and HTTP headers {"HTTP_REFERER"=>"/contact"}
REQUESTING PAGE: GET /signup with {} and HTTP headers {"HTTP_REFERER"=>"/"}
REQUESTING PAGE: GET /signup with {} and HTTP headers {}
REQUESTING PAGE: POST /users with {"utf8"=>"\xE2\x9C\x93", "user"=>{"name"=>"", "email"=>"", "password"=>"", "password_confirmation"=>""}, "commit"=>"Sign up"} and HTTP headers {"HTTP_REFERER"=>"/signup"}
REQUESTING PAGE: GET /signup with {} and HTTP headers {}
REQUESTING PAGE: POST /users with {"utf8"=>"\xE2\x9C\x93", "user"=>{"name"=>"Example User", "email"=>"user@example.com", "password"=>"foobar", "password_confirmation"=>"foobar"}, "commit"=>"Sign up"} and HTTP headers {"HTTP_REFERER"=>"/signup"}
REQUESTING PAGE: GET http://www.example.com/users/462 with {} and HTTP headers {"HTTP_REFERER"=>"/users"}
REQUESTING PAGE: GET / with {} and HTTP headers {}
REQUESTING PAGE: GET /about with {} and HTTP headers {"HTTP_REFERER"=>"/"}
REQUESTING PAGE: GET /help with {} and HTTP headers {"HTTP_REFERER"=>"/about"}
REQUESTING PAGE: GET /contact with {} and HTTP headers {"HTTP_REFERER"=>"/help"}
REQUESTING PAGE: GET / with {} and HTTP headers {"HTTP_REFERER"=>"/contact"}
REQUESTING PAGE: GET /signup with {} and HTTP headers {"HTTP_REFERER"=>"/"}
REQUESTING PAGE: GET /signup with {} and HTTP headers {}
REQUESTING PAGE: POST /users with {"utf8"=>"\xE2\x9C\x93", "user"=>{"name"=>"", "email"=>"", "password"=>"", "password_confirmation"=>""}, "commit"=>"Sign up"} and HTTP headers {"HTTP_REFERER"=>"/signup"}
REQUESTING PAGE: GET /signup with {} and HTTP headers {}
REQUESTING PAGE: POST /users with {"utf8"=>"\xE2\x9C\x93", "user"=>{"name"=>"Example User", "email"=>"user@example.com", "password"=>"foobar", "password_confirmation"=>"foobar"}, "commit"=>"Sign up"} and HTTP headers {"HTTP_REFERER"=>"/signup"}
REQUESTING PAGE: GET http://www.example.com/users/481 with {} and HTTP headers {"HTTP_REFERER"=>"/users"}
REQUESTING PAGE: GET / with {} and HTTP headers {}
REQUESTING PAGE: GET /about with {} and HTTP headers {"HTTP_REFERER"=>"/"}
REQUESTING PAGE: GET /help with {} and HTTP headers {"HTTP_REFERER"=>"/about"}
REQUESTING PAGE: GET /contact with {} and HTTP headers {"HTTP_REFERER"=>"/help"}
REQUESTING PAGE: GET / with {} and HTTP headers {"HTTP_REFERER"=>"/contact"}
REQUESTING PAGE: GET /signup with {} and HTTP headers {"HTTP_REFERER"=>"/"}
REQUESTING PAGE: GET /signup with {} and HTTP headers {}
REQUESTING PAGE: POST /users with {"utf8"=>"\xE2\x9C\x93", "user"=>{"name"=>"", "email"=>"", "password"=>"", "password_confirmation"=>""}, "commit"=>"Sign up"} and HTTP headers {"HTTP_REFERER"=>"/signup"}
REQUESTING PAGE: GET /signup with {} and HTTP headers {}
REQUESTING PAGE: POST /users with {"utf8"=>"\xE2\x9C\x93", "user"=>{"name"=>"Example User", "email"=>"user@example.com", "password"=>"foobar", "password_confirmation"=>"foobar"}, "commit"=>"Sign up"} and HTTP headers {"HTTP_REFERER"=>"/signup"}
REQUESTING PAGE: GET http://www.example.com/users/500 with {} and HTTP headers {"HTTP_REFERER"=>"/users"}
REQUESTING PAGE: GET / with {} and HTTP headers {}
REQUESTING PAGE: GET /about with {} and HTTP headers {"HTTP_REFERER"=>"/"}
REQUESTING PAGE: GET /help with {} and HTTP headers {"HTTP_REFERER"=>"/about"}
REQUESTING PAGE: GET /contact with {} and HTTP headers {"HTTP_REFERER"=>"/help"}
REQUESTING PAGE: GET / with {} and HTTP headers {"HTTP_REFERER"=>"/contact"}
REQUESTING PAGE: GET /signup with {} and HTTP headers {"HTTP_REFERER"=>"/"}
REQUESTING PAGE: GET /signup with {} and HTTP headers {}
REQUESTING PAGE: POST /users with {"utf8"=>"\xE2\x9C\x93", "user"=>{"name"=>"", "email"=>"", "password"=>"", "password_confirmation"=>""}, "commit"=>"Sign up"} and HTTP headers {"HTTP_REFERER"=>"/signup"}
REQUESTING PAGE: GET /signup with {} and HTTP headers {}
REQUESTING PAGE: POST /users with {"utf8"=>"\xE2\x9C\x93", "user"=>{"name"=>"Example User", "email"=>"user@example.com", "password"=>"foobar", "password_confirmation"=>"foobar"}, "commit"=>"Sign up"} and HTTP headers {"HTTP_REFERER"=>"/signup"}
REQUESTING PAGE: GET http://www.example.com/users/519 with {} and HTTP headers {"HTTP_REFERER"=>"/users"}
REQUESTING PAGE: GET / with {} and HTTP headers {}
REQUESTING PAGE: GET /about with {} and HTTP headers {"HTTP_REFERER"=>"/"}
REQUESTING PAGE: GET /help with {} and HTTP headers {"HTTP_REFERER"=>"/about"}
REQUESTING PAGE: GET /contact with {} and HTTP headers {"HTTP_REFERER"=>"/help"}
REQUESTING PAGE: GET / with {} and HTTP headers {"HTTP_REFERER"=>"/contact"}
REQUESTING PAGE: GET /signup with {} and HTTP headers {"HTTP_REFERER"=>"/"}
REQUESTING PAGE: GET /signup with {} and HTTP headers {}
REQUESTING PAGE: POST /users with {"utf8"=>"\xE2\x9C\x93", "user"=>{"name"=>"", "email"=>"", "password"=>"", "password_confirmation"=>""}, "commit"=>"Sign up"} and HTTP headers {"HTTP_REFERER"=>"/signup"}
REQUESTING PAGE: GET /signup with {} and HTTP headers {}
REQUESTING PAGE: POST /users with {"utf8"=>"\xE2\x9C\x93", "user"=>{"name"=>"Example User", "email"=>"user@example.com", "password"=>"foobar", "password_confirmation"=>"foobar"}, "commit"=>"Sign up"} and HTTP headers {"HTTP_REFERER"=>"/signup"}
REQUESTING PAGE: GET http://www.example.com/users/538 with {} and HTTP headers {"HTTP_REFERER"=>"/users"}
REQUESTING PAGE: GET / with {} and HTTP headers {}
REQUESTING PAGE: GET /about with {} and HTTP headers {"HTTP_REFERER"=>"/"}
REQUESTING PAGE: GET /help with {} and HTTP headers {"HTTP_REFERER"=>"/about"}
REQUESTING PAGE: GET /contact with {} and HTTP headers {"HTTP_REFERER"=>"/help"}
REQUESTING PAGE: GET / with {} and HTTP headers {"HTTP_REFERER"=>"/contact"}
REQUESTING PAGE: GET /signup with {} and HTTP headers {"HTTP_REFERER"=>"/"}
REQUESTING PAGE: GET /signup with {} and HTTP headers {}
REQUESTING PAGE: POST /users with {"utf8"=>"\xE2\x9C\x93", "user"=>{"name"=>"", "email"=>"", "password"=>"", "password_confirmation"=>""}, "commit"=>"Sign up"} and HTTP headers {"HTTP_REFERER"=>"/signup"}
REQUESTING PAGE: GET /signup with {} and HTTP headers {}
REQUESTING PAGE: POST /users with {"utf8"=>"\xE2\x9C\x93", "user"=>{"name"=>"Example User", "email"=>"user@example.com", "password"=>"foobar", "password_confirmation"=>"foobar"}, "commit"=>"Sign up"} and HTTP headers {"HTTP_REFERER"=>"/signup"}
REQUESTING PAGE: GET http://www.example.com/users/557 with {} and HTTP headers {"HTTP_REFERER"=>"/users"}
REQUESTING PAGE: GET / with {} and HTTP headers {}
REQUESTING PAGE: GET /about with {} and HTTP headers {"HTTP_REFERER"=>"/"}
REQUESTING PAGE: GET /help with {} and HTTP headers {"HTTP_REFERER"=>"/about"}
REQUESTING PAGE: GET /contact with {} and HTTP headers {"HTTP_REFERER"=>"/help"}
REQUESTING PAGE: GET / with {} and HTTP headers {"HTTP_REFERER"=>"/contact"}
REQUESTING PAGE: GET /signup with {} and HTTP headers {"HTTP_REFERER"=>"/"}
REQUESTING PAGE: GET /signup with {} and HTTP headers {}
REQUESTING PAGE: POST /users with {"utf8"=>"\xE2\x9C\x93", "user"=>{"name"=>"", "email"=>"", "password"=>"", "password_confirmation"=>""}, "commit"=>"Sign up"} and HTTP headers {"HTTP_REFERER"=>"/signup"}
REQUESTING PAGE: GET /signup with {} and HTTP headers {}
REQUESTING PAGE: POST /users with {"utf8"=>"\xE2\x9C\x93", "user"=>{"name"=>"Example User", "email"=>"user@example.com", "password"=>"foobar", "password_confirmation"=>"foobar"}, "commit"=>"Sign up"} and HTTP headers {"HTTP_REFERER"=>"/signup"}
REQUESTING PAGE: GET http://www.example.com/users/576 with {} and HTTP headers {"HTTP_REFERER"=>"/users"}
