DEPRECATION WARNING: ActionController::Base.cookie_verifier_secret= is deprecated. Please configure it on your application with config.secret_token=. (called from <top (required)> at /Users/daviddoolin/src/cacklist/config/initializers/cookie_verification_secret.rb:7)
DEPRECATION WARNING: ActionController::Base.cookie_verifier_secret= is deprecated. Please configure it on your application with config.secret_token=. (called from <top (required)> at /Users/daviddoolin/src/cacklist/config/initializers/cookie_verification_secret.rb:7)


Started GET "/rails/info/properties" for 127.0.0.1 at 2010-09-29 11:29:38 -0700
  Processing by Rails::InfoController#properties as */*
  [1m[36mSQL (23.8ms)[0m  [1m SELECT name
 FROM sqlite_master
 WHERE type = 'table' AND NOT name = 'sqlite_sequence'
[0m
  [1m[35mSQL (0.2ms)[0m   SELECT name
 FROM sqlite_master
 WHERE type = 'table' AND NOT name = 'sqlite_sequence'
  [1m[36mSQL (0.1ms)[0m  [1mSELECT "schema_migrations"."version" FROM "schema_migrations"[0m
Rendered inline template (0.5ms)
Completed 200 OK in 57ms (Views: 1.4ms | ActiveRecord: 24.1ms)
DEPRECATION WARNING: ActionController::Base.cookie_verifier_secret= is deprecated. Please configure it on your application with config.secret_token=. (called from <top (required)> at /Users/daviddoolin/src/cacklist/config/initializers/cookie_verification_secret.rb:7)
  [1m[36mSQL (0.3ms)[0m  [1mSHOW TABLES[0m
  [1m[35mSQL (219.7ms)[0m  CREATE TABLE `schema_migrations` (`version` varchar(255) NOT NULL) ENGINE=InnoDB
  [1m[36mSQL (1.1ms)[0m  [1mSHOW KEYS FROM `schema_migrations`[0m
  [1m[35mSQL (233.3ms)[0m  CREATE UNIQUE INDEX `unique_schema_migrations` ON `schema_migrations` (`version`)
  [1m[36mSQL (0.3ms)[0m  [1mSHOW TABLES[0m
  [1m[35mSQL (0.3ms)[0m  SHOW TABLES
  [1m[36mSQL (0.2ms)[0m  [1mSHOW TABLES[0m
  [1m[35mSQL (0.5ms)[0m  SELECT `schema_migrations`.`version` FROM `schema_migrations`
  [1m[36mSQL (0.2ms)[0m  [1mSHOW TABLES[0m
DEPRECATION WARNING: ActionController::Base.cookie_verifier_secret= is deprecated. Please configure it on your application with config.secret_token=. (called from <top (required)> at /Users/daviddoolin/src/cacklist/config/initializers/cookie_verification_secret.rb:7)


Started GET "/rails/info/properties" for 127.0.0.1 at 2010-09-29 17:04:02 -0700
  Processing by Rails::InfoController#properties as */*
  [1m[36mSQL (7.7ms)[0m  [1mSHOW TABLES[0m
  [1m[35mSQL (0.4ms)[0m  SHOW TABLES
  [1m[36mSQL (0.9ms)[0m  [1mSELECT `schema_migrations`.`version` FROM `schema_migrations`[0m
Rendered inline template (0.5ms)
Completed 200 OK in 118ms (Views: 1.4ms | ActiveRecord: 9.0ms)


Started GET "/rails/info/properties" for 127.0.0.1 at 2010-09-29 17:06:15 -0700
  Processing by Rails::InfoController#properties as */*
Rendered inline template (0.4ms)
Completed 200 OK in 1ms (Views: 0.8ms | ActiveRecord: 0.0ms)


Started GET "/rails/info/properties" for 127.0.0.1 at 2010-09-29 17:06:17 -0700
  Processing by Rails::InfoController#properties as */*
Rendered inline template (0.4ms)
Completed 200 OK in 1ms (Views: 0.8ms | ActiveRecord: 0.0ms)


Started GET "/rails/info/properties" for 127.0.0.1 at 2010-09-29 17:06:23 -0700
  Processing by Rails::InfoController#properties as */*
Rendered inline template (0.4ms)
Completed 200 OK in 1ms (Views: 0.7ms | ActiveRecord: 0.0ms)


Started GET "/rails/info/properties" for 127.0.0.1 at 2010-09-29 17:06:24 -0700
  Processing by Rails::InfoController#properties as */*
Rendered inline template (0.4ms)
Completed 200 OK in 1ms (Views: 0.8ms | ActiveRecord: 0.0ms)


Started GET "/rails/info/properties" for 127.0.0.1 at 2010-09-29 17:06:24 -0700
  Processing by Rails::InfoController#properties as */*
Rendered inline template (0.4ms)
Completed 200 OK in 1ms (Views: 0.8ms | ActiveRecord: 0.0ms)


Started GET "/rails/info/properties" for 127.0.0.1 at 2010-09-29 17:06:24 -0700
  Processing by Rails::InfoController#properties as */*
Rendered inline template (0.4ms)
Completed 200 OK in 1ms (Views: 0.7ms | ActiveRecord: 0.0ms)


Started GET "/rails/info/properties" for 127.0.0.1 at 2010-09-29 17:06:41 -0700
  Processing by Rails::InfoController#properties as */*
Rendered inline template (0.4ms)
Completed 200 OK in 1ms (Views: 0.8ms | ActiveRecord: 0.0ms)


Started GET "/rails/info/properties" for 127.0.0.1 at 2010-09-29 17:06:45 -0700
  Processing by Rails::InfoController#properties as */*
Rendered inline template (0.4ms)
Completed 200 OK in 1ms (Views: 0.7ms | ActiveRecord: 0.0ms)


Started GET "/rails/info/properties" for 127.0.0.1 at 2010-09-29 17:23:31 -0700
  Processing by Rails::InfoController#properties as */*
Rendered inline template (0.4ms)
Completed 200 OK in 1ms (Views: 0.8ms | ActiveRecord: 0.0ms)


Started GET "/rails/info/properties" for 127.0.0.1 at 2010-09-29 17:23:32 -0700
  Processing by Rails::InfoController#properties as */*
Rendered inline template (0.4ms)
Completed 200 OK in 1ms (Views: 0.8ms | ActiveRecord: 0.0ms)
DEPRECATION WARNING: ActionController::Base.cookie_verifier_secret= is deprecated. Please configure it on your application with config.secret_token=. (called from <top (required)> at /Users/daviddoolin/src/cacklist/config/initializers/cookie_verification_secret.rb:7)
DEPRECATION WARNING: ActionController::Base.cookie_verifier_secret= is deprecated. Please configure it on your application with config.secret_token=. (called from <top (required)> at /Users/daviddoolin/src/cacklist/config/initializers/cookie_verification_secret.rb:7)
DEPRECATION WARNING: ActionController::Base.cookie_verifier_secret= is deprecated. Please configure it on your application with config.secret_token=. (called from <top (required)> at /Users/daviddoolin/src/cacklist/config/initializers/cookie_verification_secret.rb:7)


Started GET "/pages/home" for 127.0.0.1 at 2010-09-29 18:01:21 -0700
  Processing by PagesController#home as HTML
Rendered pages/home.html.erb within layouts/application (1.6ms)
Completed 200 OK in 8ms (Views: 7.2ms | ActiveRecord: 0.0ms)


Started GET "/pages/contact" for 127.0.0.1 at 2010-09-29 18:01:33 -0700
  Processing by PagesController#contact as HTML
Rendered pages/contact.html.erb within layouts/application (1.4ms)
Completed 200 OK in 5ms (Views: 5.1ms | ActiveRecord: 0.0ms)


Started GET "/pages/about" for 127.0.0.1 at 2010-09-29 18:01:43 -0700

ActionController::RoutingError (No route matches "/pages/about"):
  actionpack (3.0.0.rc2) lib/action_dispatch/middleware/show_exceptions.rb:53:in `call'
  railties (3.0.0.rc2) lib/rails/rack/logger.rb:13:in `call'
  rack (1.2.1) lib/rack/runtime.rb:17:in `call'
  activesupport (3.0.0.rc2) lib/active_support/cache/strategy/local_cache.rb:72:in `call'
  rack (1.2.1) lib/rack/lock.rb:11:in `block in call'
  <internal:prelude>:10:in `synchronize'
  rack (1.2.1) lib/rack/lock.rb:11:in `call'
  actionpack (3.0.0.rc2) lib/action_dispatch/middleware/static.rb:30:in `call'
  railties (3.0.0.rc2) lib/rails/application.rb:168:in `call'
  railties (3.0.0.rc2) lib/rails/application.rb:77:in `method_missing'
  railties (3.0.0.rc2) lib/rails/rack/log_tailer.rb:14:in `call'
  rack (1.2.1) lib/rack/content_length.rb:13:in `call'
  rack (1.2.1) lib/rack/handler/webrick.rb:52:in `service'
  /Users/daviddoolin/.rvm/rubies/ruby-1.9.2-p0/lib/ruby/1.9.1/webrick/httpserver.rb:111:in `service'
  /Users/daviddoolin/.rvm/rubies/ruby-1.9.2-p0/lib/ruby/1.9.1/webrick/httpserver.rb:70:in `run'
  /Users/daviddoolin/.rvm/rubies/ruby-1.9.2-p0/lib/ruby/1.9.1/webrick/server.rb:183:in `block in start_thread'

Rendered /Users/daviddoolin/.rvm/gems/ruby-1.9.2-p0/gems/actionpack-3.0.0.rc2/lib/action_dispatch/middleware/templates/rescues/routing_error.erb within rescues/layout (0.9ms)


Started GET "/pages/about" for 127.0.0.1 at 2010-09-29 18:36:43 -0700
  Processing by PagesController#about as HTML
Rendered pages/about.html.erb within layouts/application (1.5ms)
Completed 200 OK in 5ms (Views: 5.1ms | ActiveRecord: 0.0ms)


Started GET "/home" for 127.0.0.1 at 2010-09-29 19:31:28 -0700

ActionController::RoutingError (No route matches "/home"):
  actionpack (3.0.0.rc2) lib/action_dispatch/middleware/show_exceptions.rb:53:in `call'
  railties (3.0.0.rc2) lib/rails/rack/logger.rb:13:in `call'
  rack (1.2.1) lib/rack/runtime.rb:17:in `call'
  activesupport (3.0.0.rc2) lib/active_support/cache/strategy/local_cache.rb:72:in `call'
  rack (1.2.1) lib/rack/lock.rb:11:in `block in call'
  <internal:prelude>:10:in `synchronize'
  rack (1.2.1) lib/rack/lock.rb:11:in `call'
  actionpack (3.0.0.rc2) lib/action_dispatch/middleware/static.rb:30:in `call'
  railties (3.0.0.rc2) lib/rails/application.rb:168:in `call'
  railties (3.0.0.rc2) lib/rails/application.rb:77:in `method_missing'
  railties (3.0.0.rc2) lib/rails/rack/log_tailer.rb:14:in `call'
  rack (1.2.1) lib/rack/content_length.rb:13:in `call'
  rack (1.2.1) lib/rack/handler/webrick.rb:52:in `service'
  /Users/daviddoolin/.rvm/rubies/ruby-1.9.2-p0/lib/ruby/1.9.1/webrick/httpserver.rb:111:in `service'
  /Users/daviddoolin/.rvm/rubies/ruby-1.9.2-p0/lib/ruby/1.9.1/webrick/httpserver.rb:70:in `run'
  /Users/daviddoolin/.rvm/rubies/ruby-1.9.2-p0/lib/ruby/1.9.1/webrick/server.rb:183:in `block in start_thread'

Rendered /Users/daviddoolin/.rvm/gems/ruby-1.9.2-p0/gems/actionpack-3.0.0.rc2/lib/action_dispatch/middleware/templates/rescues/routing_error.erb within rescues/layout (0.9ms)


Started GET "/page/home" for 127.0.0.1 at 2010-09-29 19:31:35 -0700

ActionController::RoutingError (No route matches "/page/home"):
  actionpack (3.0.0.rc2) lib/action_dispatch/middleware/show_exceptions.rb:53:in `call'
  railties (3.0.0.rc2) lib/rails/rack/logger.rb:13:in `call'
  rack (1.2.1) lib/rack/runtime.rb:17:in `call'
  activesupport (3.0.0.rc2) lib/active_support/cache/strategy/local_cache.rb:72:in `call'
  rack (1.2.1) lib/rack/lock.rb:11:in `block in call'
  <internal:prelude>:10:in `synchronize'
  rack (1.2.1) lib/rack/lock.rb:11:in `call'
  actionpack (3.0.0.rc2) lib/action_dispatch/middleware/static.rb:30:in `call'
  railties (3.0.0.rc2) lib/rails/application.rb:168:in `call'
  railties (3.0.0.rc2) lib/rails/application.rb:77:in `method_missing'
  railties (3.0.0.rc2) lib/rails/rack/log_tailer.rb:14:in `call'
  rack (1.2.1) lib/rack/content_length.rb:13:in `call'
  rack (1.2.1) lib/rack/handler/webrick.rb:52:in `service'
  /Users/daviddoolin/.rvm/rubies/ruby-1.9.2-p0/lib/ruby/1.9.1/webrick/httpserver.rb:111:in `service'
  /Users/daviddoolin/.rvm/rubies/ruby-1.9.2-p0/lib/ruby/1.9.1/webrick/httpserver.rb:70:in `run'
  /Users/daviddoolin/.rvm/rubies/ruby-1.9.2-p0/lib/ruby/1.9.1/webrick/server.rb:183:in `block in start_thread'

Rendered /Users/daviddoolin/.rvm/gems/ruby-1.9.2-p0/gems/actionpack-3.0.0.rc2/lib/action_dispatch/middleware/templates/rescues/routing_error.erb within rescues/layout (0.9ms)


Started GET "/pages/home" for 127.0.0.1 at 2010-09-29 19:31:41 -0700
  Processing by PagesController#home as HTML
Rendered pages/home.html.erb within layouts/application (1.4ms)
Completed 200 OK in 5ms (Views: 4.8ms | ActiveRecord: 0.0ms)


Started GET "/pages/home" for 127.0.0.1 at 2010-09-29 20:06:09 -0700
  Processing by PagesController#home as HTML
Rendered pages/home.html.erb within layouts/application (0.7ms)
Completed 200 OK in 5ms (Views: 5.1ms | ActiveRecord: 0.0ms)
